<?xml version="1.0" encoding="UTF-8"?>
<!-- Generated by org.testng.reporters.JUnitXMLReporter -->
<testsuite ignored="0" hostname="WKWIN8091077" failures="0" tests="3" name="Default test" time="0.039" errors="0" timestamp="02 Feb 2022 16:19:13 GMT">
  <testcase classname="myTest.LoginPageTest" name="loginTest" time="0.009"/>
  <testcase classname="myTest.LoginPageTest" name="loginTest" time="0.002"/>
  <testcase classname="myTest.LoginPageTest" name="loginTest" time="0.001"/>
</testsuite> <!-- Default test -->
